# JRE version: OpenJDK Runtime Environment (24.0.2+12) (build 24.0.2+12-54)
# Java VM: OpenJDK 64-Bit Server VM (24.0.2+12-54, mixed mode, sharing, tiered, compressed oops, compressed class ptrs, g1 gc, windows-amd64)
GC Precious Log:
 CardTable entry size: 512
 Card Set container configuration: InlinePtr #cards 5 size 8 Array Of Cards #cards 10 size 36 Howl #buckets 4 coarsen threshold 1843 Howl Bitmap #cards 512 size 80 coarsen threshold 460 Card regions per heap region 1 cards per card region 2048
 CPUs: 12 total, 12 available
 Memory: 14188M
 Large Page Support: Disabled
 NUMA Support: Disabled
 Compressed Oops: Enabled (32-bit)
 Heap Region Size: 1M
 Heap Min Capacity: 8M
 Heap Initial Capacity: 222M
 Heap Max Capacity: 2G
 Pre-touch: Disabled
 Parallel Workers: 10
 Concurrent Workers: 3
 Concurrent Refinement Workers: 10
 Periodic GC: Disabled
Heap:
 garbage-first heap   total reserved 2097152K, committed 168960K, used 124183K [0x0000000080000000, 0x0000000100000000)
  region size 1024K, 26 young (26624K), 6 survivors (6144K)
 Metaspace       used 121356K, committed 123200K, reserved 1179648K
  class space    used 13176K, committed 14016K, reserved 1048576K
GC Heap History (20 events):
Event: 9141.880 GC heap before
{Heap before GC invocations=36 (full 0):
 garbage-first heap   total reserved 2097152K, committed 139264K, used 127367K [0x0000000080000000, 0x0000000100000000)
  region size 1024K, 53 young (54272K), 5 survivors (5120K)
 Metaspace       used 82400K, committed 83776K, reserved 1179648K
  class space    used 9252K, committed 9856K, reserved 1048576K
}
Event: 9141.886 GC heap after
{Heap after GC invocations=37 (full 0):
 garbage-first heap   total reserved 2097152K, committed 139264K, used 82648K [0x0000000080000000, 0x0000000100000000)
  region size 1024K, 7 young (7168K), 7 survivors (7168K)
 Metaspace       used 82400K, committed 83776K, reserved 1179648K
  class space    used 9252K, committed 9856K, reserved 1048576K
}
Event: 9142.321 GC heap before
{Heap before GC invocations=37 (full 0):
 garbage-first heap   total reserved 2097152K, committed 139264K, used 123608K [0x0000000080000000, 0x0000000100000000)
  region size 1024K, 47 young (48128K), 7 survivors (7168K)
 Metaspace       used 86914K, committed 88512K, reserved 1179648K
  class space    used 9628K, committed 10368K, reserved 1048576K
}
Event: 9142.327 GC heap after
{Heap after GC invocations=38 (full 0):
 garbage-first heap   total reserved 2097152K, committed 139264K, used 86420K [0x0000000080000000, 0x0000000100000000)
  region size 1024K, 4 young (4096K), 4 survivors (4096K)
 Metaspace       used 86914K, committed 88512K, reserved 1179648K
  class space    used 9628K, committed 10368K, reserved 1048576K
}
Event: 9142.776 GC heap before
{Heap before GC invocations=38 (full 0):
 garbage-first heap   total reserved 2097152K, committed 139264K, used 125332K [0x0000000080000000, 0x0000000100000000)
  region size 1024K, 42 young (43008K), 4 survivors (4096K)
 Metaspace       used 90872K, committed 92672K, reserved 1179648K
  class space    used 10117K, committed 10944K, reserved 1048576K
}
Event: 9142.780 GC heap after
{Heap after GC invocations=39 (full 0):
 garbage-first heap   total reserved 2097152K, committed 139264K, used 88049K [0x0000000080000000, 0x0000000100000000)
  region size 1024K, 6 young (6144K), 6 survivors (6144K)
 Metaspace       used 90872K, committed 92672K, reserved 1179648K
  class space    used 10117K, committed 10944K, reserved 1048576K
}
Event: 9143.251 GC heap before
{Heap before GC invocations=40 (full 0):
 garbage-first heap   total reserved 2097152K, committed 147456K, used 123889K [0x0000000080000000, 0x0000000100000000)
  region size 1024K, 41 young (41984K), 6 survivors (6144K)
 Metaspace       used 94827K, committed 96512K, reserved 1179648K
  class space    used 10582K, committed 11392K, reserved 1048576K
}
Event: 9143.255 GC heap after
{Heap after GC invocations=41 (full 0):
 garbage-first heap   total reserved 2097152K, committed 147456K, used 90386K [0x0000000080000000, 0x0000000100000000)
  region size 1024K, 6 young (6144K), 6 survivors (6144K)
 Metaspace       used 94827K, committed 96512K, reserved 1179648K
  class space    used 10582K, committed 11392K, reserved 1048576K
}
Event: 9143.735 GC heap before
{Heap before GC invocations=41 (full 0):
 garbage-first heap   total reserved 2097152K, committed 147456K, used 132370K [0x0000000080000000, 0x0000000100000000)
  region size 1024K, 47 young (48128K), 6 survivors (6144K)
 Metaspace       used 97504K, committed 99328K, reserved 1179648K
  class space    used 10870K, committed 11712K, reserved 1048576K
}
Event: 9143.740 GC heap after
{Heap after GC invocations=42 (full 0):
 garbage-first heap   total reserved 2097152K, committed 147456K, used 89604K [0x0000000080000000, 0x0000000100000000)
  region size 1024K, 5 young (5120K), 5 survivors (5120K)
 Metaspace       used 97504K, committed 99328K, reserved 1179648K
  class space    used 10870K, committed 11712K, reserved 1048576K
}
Event: 9144.474 GC heap before
{Heap before GC invocations=42 (full 0):
 garbage-first heap   total reserved 2097152K, committed 147456K, used 132612K [0x0000000080000000, 0x0000000100000000)
  region size 1024K, 47 young (48128K), 5 survivors (5120K)
 Metaspace       used 99933K, committed 101696K, reserved 1179648K
  class space    used 11086K, committed 11904K, reserved 1048576K
}
Event: 9144.479 GC heap after
{Heap after GC invocations=43 (full 0):
 garbage-first heap   total reserved 2097152K, committed 147456K, used 93966K [0x0000000080000000, 0x0000000100000000)
  region size 1024K, 6 young (6144K), 6 survivors (6144K)
 Metaspace       used 99933K, committed 101696K, reserved 1179648K
  class space    used 11086K, committed 11904K, reserved 1048576K
}
Event: 9145.059 GC heap before
{Heap before GC invocations=44 (full 0):
 garbage-first heap   total reserved 2097152K, committed 157696K, used 131854K [0x0000000080000000, 0x0000000100000000)
  region size 1024K, 43 young (44032K), 6 survivors (6144K)
 Metaspace       used 103983K, committed 105856K, reserved 1179648K
  class space    used 11408K, committed 12288K, reserved 1048576K
}
Event: 9145.064 GC heap after
{Heap after GC invocations=45 (full 0):
 garbage-first heap   total reserved 2097152K, committed 157696K, used 98280K [0x0000000080000000, 0x0000000100000000)
  region size 1024K, 4 young (4096K), 4 survivors (4096K)
 Metaspace       used 103983K, committed 105856K, reserved 1179648K
  class space    used 11408K, committed 12288K, reserved 1048576K
}
Event: 9145.666 GC heap before
{Heap before GC invocations=45 (full 0):
 garbage-first heap   total reserved 2097152K, committed 157696K, used 143336K [0x0000000080000000, 0x0000000100000000)
  region size 1024K, 48 young (49152K), 4 survivors (4096K)
 Metaspace       used 110478K, committed 112320K, reserved 1179648K
  class space    used 12102K, committed 12992K, reserved 1048576K
}
Event: 9145.670 GC heap after
{Heap after GC invocations=46 (full 0):
 garbage-first heap   total reserved 2097152K, committed 157696K, used 99771K [0x0000000080000000, 0x0000000100000000)
  region size 1024K, 3 young (3072K), 3 survivors (3072K)
 Metaspace       used 110478K, committed 112320K, reserved 1179648K
  class space    used 12102K, committed 12992K, reserved 1048576K
}
Event: 9146.340 GC heap before
{Heap before GC invocations=46 (full 0):
 garbage-first heap   total reserved 2097152K, committed 157696K, used 144827K [0x0000000080000000, 0x0000000100000000)
  region size 1024K, 47 young (48128K), 3 survivors (3072K)
 Metaspace       used 117906K, committed 119744K, reserved 1179648K
  class space    used 12750K, committed 13632K, reserved 1048576K
}
Event: 9146.344 GC heap after
{Heap after GC invocations=47 (full 0):
 garbage-first heap   total reserved 2097152K, committed 157696K, used 100907K [0x0000000080000000, 0x0000000100000000)
  region size 1024K, 4 young (4096K), 4 survivors (4096K)
 Metaspace       used 117906K, committed 119744K, reserved 1179648K
  class space    used 12750K, committed 13632K, reserved 1048576K
}
Event: 9148.157 GC heap before
{Heap before GC invocations=48 (full 0):
 garbage-first heap   total reserved 2097152K, committed 168960K, used 143915K [0x0000000080000000, 0x0000000100000000)
  region size 1024K, 46 young (47104K), 4 survivors (4096K)
 Metaspace       used 120940K, committed 122816K, reserved 1179648K
  class space    used 13119K, committed 14016K, reserved 1048576K
}
Event: 9148.164 GC heap after
{Heap after GC invocations=49 (full 0):
 garbage-first heap   total reserved 2097152K, committed 168960K, used 105751K [0x0000000080000000, 0x0000000100000000)
  region size 1024K, 6 young (6144K), 6 survivors (6144K)
 Metaspace       used 120940K, committed 122816K, reserved 1179648K
  class space    used 13119K, committed 14016K, reserved 1048576K
}

